<?xml version="1.0" encoding="UTF-8"?>
<!-- Generated by org.testng.reporters.JUnitReportReporter -->
<testsuite hostname="XHLT0298" failures="0" tests="1" name="testng.Group_in_Testcases" time="0.007" errors="0" timestamp="2022-01-05T10:35:55 IST" skipped="0">
  <testcase classname="testng.Group_in_Testcases" name="testcase" time="0.007"/>
  <system-out/>
</testsuite> <!-- testng.Group_in_Testcases -->
