<?xml version="1.0" encoding="UTF-8"?>
<!-- Generated by org.testng.reporters.JUnitReportReporter -->
<testsuite hostname="XHLT0298" failures="0" tests="1" name="testng.NewTest1" time="0.007" errors="0" timestamp="2022-01-04T16:48:20 IST" skipped="0">
  <testcase classname="testng.NewTest1" name="testcase" time="0.007"/>
  <system-out/>
</testsuite> <!-- testng.NewTest1 -->
