<?xml version="1.0" encoding="UTF-8"?>
<!-- Generated by org.testng.reporters.JUnitReportReporter -->
<testsuite hostname="XHLT0298" failures="0" tests="1" name="testng.sampleprogram" time="11.074" errors="0" timestamp="2022-01-05T15:52:43 IST" skipped="0">
  <testcase classname="testng.sampleprogram" name="login" time="11.074"/>
  <system-out/>
</testsuite> <!-- testng.sampleprogram -->
