<?xml version="1.0" encoding="UTF-8"?>
<!-- Generated by org.testng.reporters.JUnitReportReporter -->
<testsuite hostname="XHLT0298" failures="0" tests="3" name="testng.parallelexecution1" time="0.013" errors="0" timestamp="2022-01-04T17:02:23 IST" skipped="0">
  <testcase classname="testng.parallelexecution1" name="testcase7" time="0.002"/>
  <system-out/>
  <testcase classname="testng.parallelexecution1" name="testcase5" time="0.009"/>
  <system-out/>
  <testcase classname="testng.parallelexecution1" name="testcase6" time="0.002"/>
  <system-out/>
</testsuite> <!-- testng.parallelexecution1 -->
