<?xml version="1.0" encoding="UTF-8"?>
<!-- Generated by org.testng.reporters.JUnitReportReporter -->
<testsuite hostname="XHLT0298" failures="0" tests="3" name="testng.priority" time="0.012" errors="0" timestamp="2022-01-04T16:53:42 IST" skipped="0">
  <testcase classname="testng.priority" name="testcase2" time="0.010"/>
  <system-out/>
  <testcase classname="testng.priority" name="testcase" time="0.001"/>
  <system-out/>
  <testcase classname="testng.priority" name="testcase1" time="0.001"/>
  <system-out/>
</testsuite> <!-- testng.priority -->
