<?xml version="1.0" encoding="UTF-8"?>
<!-- Generated by org.testng.reporters.JUnitReportReporter -->
<testsuite hostname="XHLT0298" failures="0" tests="1" name="testng.Screenshot" time="16.390" errors="0" timestamp="2022-01-07T11:03:37 IST" skipped="0">
  <testcase classname="testng.Screenshot" name="login" time="16.390"/>
  <system-out/>
</testsuite> <!-- testng.Screenshot -->
